[debug] [2023-03-16T01:22:26.613Z] ----------------------------------------------------------------------
[debug] [2023-03-16T01:22:26.616Z] Command:       C:\Program Files\nodejs\node.exe C:\Users\ITS\AppData\Roaming\npm\node_modules\firebase-tools\lib\bin\firebase.js deploy
[debug] [2023-03-16T01:22:26.617Z] CLI Version:   11.16.1
[debug] [2023-03-16T01:22:26.617Z] Platform:      win32
[debug] [2023-03-16T01:22:26.617Z] Node Version:  v16.14.0
[debug] [2023-03-16T01:22:26.618Z] Time:          Thu Mar 16 2023 07:22:26 GMT+0600 (Bangladesh Standard Time)
[debug] [2023-03-16T01:22:26.619Z] ----------------------------------------------------------------------
[debug] 
[debug] [2023-03-16T01:22:26.712Z] > command requires scopes: ["email","openid","https://www.googleapis.com/auth/cloudplatformprojects.readonly","https://www.googleapis.com/auth/firebase","https://www.googleapis.com/auth/cloud-platform"]
[debug] [2023-03-16T01:22:26.713Z] > authorizing via signed-in user (riyad.hasan8282@gmail.com)
[debug] [2023-03-16T01:22:26.713Z] [iam] checking project accounting-service-99dac for permissions ["firebase.projects.get","firebasehosting.sites.update"]
[debug] [2023-03-16T01:22:26.717Z] >>> [apiv2][query] POST https://cloudresourcemanager.googleapis.com/v1/projects/accounting-service-99dac:testIamPermissions [none]
[debug] [2023-03-16T01:22:26.718Z] >>> [apiv2][(partial)header] POST https://cloudresourcemanager.googleapis.com/v1/projects/accounting-service-99dac:testIamPermissions x-goog-quota-user=projects/accounting-service-99dac
[debug] [2023-03-16T01:22:26.718Z] >>> [apiv2][body] POST https://cloudresourcemanager.googleapis.com/v1/projects/accounting-service-99dac:testIamPermissions {"permissions":["firebase.projects.get","firebasehosting.sites.update"]}
[debug] [2023-03-16T01:22:28.224Z] <<< [apiv2][status] POST https://cloudresourcemanager.googleapis.com/v1/projects/accounting-service-99dac:testIamPermissions 200
[debug] [2023-03-16T01:22:28.224Z] <<< [apiv2][body] POST https://cloudresourcemanager.googleapis.com/v1/projects/accounting-service-99dac:testIamPermissions {}
[debug] [2023-03-16T01:22:28.224Z] [iam] error while checking permissions, command may fail: FirebaseError: Authorization failed. This account is missing the following required permissions on project accounting-service-99dac:

  firebase.projects.get
  firebasehosting.sites.update
[debug] [2023-03-16T01:22:28.226Z] >>> [apiv2][query] GET https://firebase.googleapis.com/v1beta1/projects/accounting-service-99dac [none]
[debug] [2023-03-16T01:22:29.073Z] <<< [apiv2][status] GET https://firebase.googleapis.com/v1beta1/projects/accounting-service-99dac 403
[debug] [2023-03-16T01:22:29.073Z] <<< [apiv2][body] GET https://firebase.googleapis.com/v1beta1/projects/accounting-service-99dac {"error":{"code":403,"message":"The caller does not have permission","status":"PERMISSION_DENIED"}}
[debug] [2023-03-16T01:22:29.074Z] HTTP Error: 403, The caller does not have permission
[debug] [2023-03-16T01:22:29.287Z] FirebaseError: HTTP Error: 403, The caller does not have permission
    at responseToError (C:\Users\ITS\AppData\Roaming\npm\node_modules\firebase-tools\lib\responseToError.js:49:12)
    at RetryOperation._fn (C:\Users\ITS\AppData\Roaming\npm\node_modules\firebase-tools\lib\apiv2.js:288:77)
    at processTicksAndRejections (node:internal/process/task_queues:96:5)
[error] 
[error] Error: Failed to get Firebase project accounting-service-99dac. Please make sure the project exists and your account has permission to access it.
